<?xml version="1.0" encoding="UTF-8"?>
<!-- Generated by org.testng.reporters.JUnitReportReporter -->
<testsuite hostname="DESKTOP-IVP925K" failures="0" tests="3" name="test.SortBy" time="74.280" errors="0" timestamp="2023-01-23T22:40:03 IST" skipped="0">
  <testcase classname="test.SortBy" name="FirstPage" time="53.482"/>
  <system-out/>
  <testcase classname="test.SortBy" name="SortFare" time="20.496"/>
  <system-out/>
  <testcase classname="test.SortBy" name="closeWindow" time="0.302"/>
  <system-out/>
</testsuite> <!-- test.SortBy -->
