<?xml version="1.0" encoding="UTF-8"?>
<!-- Generated by org.testng.reporters.JUnitReportReporter -->
<testsuite hostname="DESKTOP-IVP925K" failures="0" tests="3" name="test.SearchBus" time="134.657" errors="0" timestamp="2023-01-23T22:40:03 IST" skipped="0">
  <testcase classname="test.SearchBus" name="fromDropdown" time="9.148"/>
  <system-out/>
  <testcase classname="test.SearchBus" name="findBuses" time="125.251"/>
  <system-out/>
  <testcase classname="test.SearchBus" name="closeWindow" time="0.258"/>
  <system-out/>
</testsuite> <!-- test.SearchBus -->
