<?xml version="1.0" encoding="UTF-8"?>
<!-- Generated by org.testng.reporters.JUnitReportReporter -->
<testsuite hostname="ZPPS-VIDHATE-WASTI" failures="0" tests="4" name="test.linkValidation" time="10.551" errors="2" timestamp="2023-01-22T21:18:05 IST" skipped="0">
  <testcase classname="test.linkValidation" name="availableLinks" time="0.462"/>
  <system-out/>
  <testcase classname="test.linkValidation" name="availableFooterLinks" time="0.242"/>
  <system-out/>
  <testcase classname="test.linkValidation" name="close" time="0.015">
    <error type="java.lang.StackOverflowError">
      <![CDATA[java.lang.StackOverflowError
at test.linkValidation.close(linkValidation.java:45)
at test.linkValidation.close(linkValidation.java:45)
at test.linkValidation.close(linkValidation.java:45)
at test.linkValidation.close(linkValidation.java:45)
at test.linkValidation.close(linkValidation.java:45)
at test.linkValidation.close(linkValidation.java:45)
at test.linkValidation.close(linkValidation.java:45)
at test.linkValidation.close(linkValidation.java:45)
at test.linkValidation.close(linkValidation.java:45)
at test.linkValidation.close(linkValidation.java:45)
at test.linkValidation.close(linkValidation.java:45)
at test.linkValidation.close(linkValidation.java:45)
at test.linkValidation.close(linkValidation.java:45)
at test.linkValidation.close(linkValidation.java:45)
at test.linkValidation.close(linkValidation.java:45)
at test.linkValidation.close(linkValidation.java:45)
at test.linkValidation.close(linkValidation.java:45)
at test.linkValidation.close(linkValidation.java:45)
at test.linkValidation.close(linkValidation.java:45)
at test.linkValidation.close(linkValidation.java:45)
at test.linkValidation.close(linkValidation.java:45)
at test.linkValidation.close(linkValidation.java:45)
at test.linkValidation.close(linkValidation.java:45)
at test.linkValidation.close(linkValidation.java:45)
at test.linkValidation.close(linkValidation.java:45)
at test.linkValidation.close(linkValidation.java:45)
at test.linkValidation.close(linkValidation.java:45)
at test.linkValidation.close(linkValidation.java:45)
at test.linkValidation.close(linkValidation.java:45)
at test.linkValidation.close(linkValidation.java:45)
at test.linkValidation.close(linkValidation.java:45)
at test.linkValidation.close(linkValidation.java:45)
at test.linkValidation.close(linkValidation.java:45)
at test.linkValidation.close(linkValidation.java:45)
at test.linkValidation.close(linkValidation.java:45)
at test.linkValidation.close(linkValidation.java:45)
at test.linkValidation.close(linkValidation.java:45)
at test.linkValidation.close(linkValidation.java:45)
at test.linkValidation.close(linkValidation.java:45)
at test.linkValidation.close(linkValidation.java:45)
at test.linkValidation.close(linkValidation.java:45)
at test.linkValidation.close(linkValidation.java:45)
at test.linkValidation.close(linkValidation.java:45)
at test.linkValidation.close(linkValidation.java:45)
at test.linkValidation.close(linkValidation.java:45)
at test.linkValidation.close(linkValidation.java:45)
at test.linkValidation.close(linkValidation.java:45)
at test.linkValidation.close(linkValidation.java:45)
at test.linkValidation.close(linkValidation.java:45)
at test.linkValidation.close(linkValidation.java:45)
at test.linkValidation.close(linkValidation.java:45)
at test.linkValidation.close(linkValidation.java:45)
at test.linkValidation.close(linkValidation.java:45)
at test.linkValidation.close(linkValidation.java:45)
at test.linkValidation.close(linkValidation.java:45)
at test.linkValidation.close(linkValidation.java:45)
at test.linkValidation.close(linkValidation.java:45)
at test.linkValidation.close(linkValidation.java:45)
at test.linkValidation.close(linkValidation.java:45)
at test.linkValidation.close(linkValidation.java:45)
at test.linkValidation.close(linkValidation.java:45)
at test.linkValidation.close(linkValidation.java:45)
at test.linkValidation.close(linkValidation.java:45)
at test.linkValidation.close(linkValidation.java:45)
at test.linkValidation.close(linkValidation.java:45)
at test.linkValidation.close(linkValidation.java:45)
at test.linkValidation.close(linkValidation.java:45)
at test.linkValidation.close(linkValidation.java:45)
at test.linkValidation.close(linkValidation.java:45)
at test.linkValidation.close(linkValidation.java:45)
at test.linkValidation.close(linkValidation.java:45)
at test.linkValidation.close(linkValidation.java:45)
at test.linkValidation.close(linkValidation.java:45)
at test.linkValidation.close(linkValidation.java:45)
at test.linkValidation.close(linkValidation.java:45)
at test.linkValidation.close(linkValidation.java:45)
at test.linkValidation.close(linkValidation.java:45)
at test.linkValidation.close(linkValidation.java:45)
at test.linkValidation.close(linkValidation.java:45)
at test.linkValidation.close(linkValidation.java:45)
at test.linkValidation.close(linkValidation.java:45)
at test.linkValidation.close(linkValidation.java:45)
at test.linkValidation.close(linkValidation.java:45)
at test.linkValidation.close(linkValidation.java:45)
at test.linkValidation.close(linkValidation.java:45)
at test.linkValidation.close(linkValidation.java:45)
at test.linkValidation.close(linkValidation.java:45)
at test.linkValidation.close(linkValidation.java:45)
at test.linkValidation.close(linkValidation.java:45)
at test.linkValidation.close(linkValidation.java:45)
at test.linkValidation.close(linkValidation.java:45)
at test.linkValidation.close(linkValidation.java:45)
at test.linkValidation.close(linkValidation.java:45)
at test.linkValidation.close(linkValidation.java:45)
at test.linkValidation.close(linkValidation.java:45)
at test.linkValidation.close(linkValidation.java:45)
at test.linkValidation.close(linkValidation.java:45)
at test.linkValidation.close(linkValidation.java:45)
at test.linkValidation.close(linkValidation.java:45)
at test.linkValidation.close(linkValidation.java:45)
at test.linkValidation.close(linkValidation.java:45)
at test.linkValidation.close(linkValidation.java:45)
at test.linkValidation.close(linkValidation.java:45)
at test.linkValidation.close(linkValidation.java:45)
at test.linkValidation.close(linkValidation.java:45)
at test.linkValidation.close(linkValidation.java:45)
at test.linkValidation.close(linkValidation.java:45)
at test.linkValidation.close(linkValidation.java:45)
at test.linkValidation.close(linkValidation.java:45)
at test.linkValidation.close(linkValidation.java:45)
at test.linkValidation.close(linkValidation.java:45)
at test.linkValidation.close(linkValidation.java:45)
at test.linkValidation.close(linkValidation.java:45)
at test.linkValidation.close(linkValidation.java:45)
at test.linkValidation.close(linkValidation.java:45)
at test.linkValidation.close(linkValidation.java:45)
at test.linkValidation.close(linkValidation.java:45)
at test.linkValidation.close(linkValidation.java:45)
at test.linkValidation.close(linkValidation.java:45)
at test.linkValidation.close(linkValidation.java:45)
at test.linkValidation.close(linkValidation.java:45)
at test.linkValidation.close(linkValidation.java:45)
at test.linkValidation.close(linkValidation.java:45)
at test.linkValidation.close(linkValidation.java:45)
at test.linkValidation.close(linkValidation.java:45)
at test.linkValidation.close(linkValidation.java:45)
at test.linkValidation.close(linkValidation.java:45)
at test.linkValidation.close(linkValidation.java:45)
at test.linkValidation.close(linkValidation.java:45)
at test.linkValidation.close(linkValidation.java:45)
at test.linkValidation.close(linkValidation.java:45)
at test.linkValidation.close(linkValidation.java:45)
at test.linkValidation.close(linkValidation.java:45)
at test.linkValidation.close(linkValidation.java:45)
at test.linkValidation.close(linkValidation.java:45)
at test.linkValidation.close(linkValidation.java:45)
at test.linkValidation.close(linkValidation.java:45)
at test.linkValidation.close(linkValidation.java:45)
at test.linkValidation.close(linkValidation.java:45)
at test.linkValidation.close(linkValidation.java:45)
at test.linkValidation.close(linkValidation.java:45)
at test.linkValidation.close(linkValidation.java:45)
at test.linkValidation.close(linkValidation.java:45)
at test.linkValidation.close(linkValidation.java:45)
at test.linkValidation.close(linkValidation.java:45)
at test.linkValidation.close(linkValidation.java:45)
at test.linkValidation.close(linkValidation.java:45)
at test.linkValidation.close(linkValidation.java:45)
at test.linkValidation.close(linkValidation.java:45)
at test.linkValidation.close(linkValidation.java:45)
at test.linkValidation.close(linkValidation.java:45)
at test.linkValidation.close(linkValidation.java:45)
at test.linkValidation.close(linkValidation.java:45)
at test.linkValidation.close(linkValidation.java:45)
at test.linkValidation.close(linkValidation.java:45)
at test.linkValidation.close(linkValidation.java:45)
at test.linkValidation.close(linkValidation.java:45)
at test.linkValidation.close(linkValidation.java:45)
at test.linkValidation.close(linkValidation.java:45)
at test.linkValidation.close(linkValidation.java:45)
at test.linkValidation.close(linkValidation.java:45)
at test.linkValidation.close(linkValidation.java:45)
at test.linkValidation.close(linkValidation.java:45)
at test.linkValidation.close(linkValidation.java:45)
at test.linkValidation.close(linkValidation.java:45)
at test.linkValidation.close(linkValidation.java:45)
at test.linkValidation.close(linkValidation.java:45)
at test.linkValidation.close(linkValidation.java:45)
at test.linkValidation.close(linkValidation.java:45)
at test.linkValidation.close(linkValidation.java:45)
at test.linkValidation.close(linkValidation.java:45)
at test.linkValidation.close(linkValidation.java:45)
at test.linkValidation.close(linkValidation.java:45)
at test.linkValidation.close(linkValidation.java:45)
at test.linkValidation.close(linkValidation.java:45)
at test.linkValidation.close(linkValidation.java:45)
at test.linkValidation.close(linkValidation.java:45)
at test.linkValidation.close(linkValidation.java:45)
at test.linkValidation.close(linkValidation.java:45)
at test.linkValidation.close(linkValidation.java:45)
at test.linkValidation.close(linkValidation.java:45)
at test.linkValidation.close(linkValidation.java:45)
at test.linkValidation.close(linkValidation.java:45)
at test.linkValidation.close(linkValidation.java:45)
at test.linkValidation.close(linkValidation.java:45)
at test.linkValidation.close(linkValidation.java:45)
at test.linkValidation.close(linkValidation.java:45)
at test.linkValidation.close(linkValidation.java:45)
at test.linkValidation.close(linkValidation.java:45)
at test.linkValidation.close(linkValidation.java:45)
at test.linkValidation.close(linkValidation.java:45)
at test.linkValidation.close(linkValidation.java:45)
at test.linkValidation.close(linkValidation.java:45)
at test.linkValidation.close(linkValidation.java:45)
at test.linkValidation.close(linkValidation.java:45)
at test.linkValidation.close(linkValidation.java:45)
at test.linkValidation.close(linkValidation.java:45)
at test.linkValidation.close(linkValidation.java:45)
at test.linkValidation.close(linkValidation.java:45)
at test.linkValidation.close(linkValidation.java:45)
at test.linkValidation.close(linkValidation.java:45)
at test.linkValidation.close(linkValidation.java:45)
at test.linkValidation.close(linkValidation.java:45)
at test.linkValidation.close(linkValidation.java:45)
at test.linkValidation.close(linkValidation.java:45)
at test.linkValidation.close(linkValidation.java:45)
at test.linkValidation.close(linkValidation.java:45)
at test.linkValidation.close(linkValidation.java:45)
at test.linkValidation.close(linkValidation.java:45)
at test.linkValidation.close(linkValidation.java:45)
at test.linkValidation.close(linkValidation.java:45)
at test.linkValidation.close(linkValidation.java:45)
at test.linkValidation.close(linkValidation.java:45)
at test.linkValidation.close(linkValidation.java:45)
at test.linkValidation.close(linkValidation.java:45)
at test.linkValidation.close(linkValidation.java:45)
at test.linkValidation.close(linkValidation.java:45)
at test.linkValidation.close(linkValidation.java:45)
at test.linkValidation.close(linkValidation.java:45)
at test.linkValidation.close(linkValidation.java:45)
at test.linkValidation.close(linkValidation.java:45)
at test.linkValidation.close(linkValidation.java:45)
at test.linkValidation.close(linkValidation.java:45)
at test.linkValidation.close(linkValidation.java:45)
at test.linkValidation.close(linkValidation.java:45)
at test.linkValidation.close(linkValidation.java:45)
at test.linkValidation.close(linkValidation.java:45)
at test.linkValidation.close(linkValidation.java:45)
at test.linkValidation.close(linkValidation.java:45)
at test.linkValidation.close(linkValidation.java:45)
at test.linkValidation.close(linkValidation.java:45)
at test.linkValidation.close(linkValidation.java:45)
at test.linkValidation.close(linkValidation.java:45)
at test.linkValidation.close(linkValidation.java:45)
at test.linkValidation.close(linkValidation.java:45)
at test.linkValidation.close(linkValidation.java:45)
at test.linkValidation.close(linkValidation.java:45)
at test.linkValidation.close(linkValidation.java:45)
at test.linkValidation.close(linkValidation.java:45)
at test.linkValidation.close(linkValidation.java:45)
at test.linkValidation.close(linkValidation.java:45)
at test.linkValidation.close(linkValidation.java:45)
at test.linkValidation.close(linkValidation.java:45)
at test.linkValidation.close(linkValidation.java:45)
at test.linkValidation.close(linkValidation.java:45)
at test.linkValidation.close(linkValidation.java:45)
at test.linkValidation.close(linkValidation.java:45)
at test.linkValidation.close(linkValidation.java:45)
at test.linkValidation.close(linkValidation.java:45)
at test.linkValidation.close(linkValidation.java:45)
at test.linkValidation.close(linkValidation.java:45)
at test.linkValidation.close(linkValidation.java:45)
at test.linkValidation.close(linkValidation.java:45)
at test.linkValidation.close(linkValidation.java:45)
at test.linkValidation.close(linkValidation.java:45)
at test.linkValidation.close(linkValidation.java:45)
at test.linkValidation.close(linkValidation.java:45)
at test.linkValidation.close(linkValidation.java:45)
at test.linkValidation.close(linkValidation.java:45)
at test.linkValidation.close(linkValidation.java:45)
at test.linkValidation.close(linkValidation.java:45)
at test.linkValidation.close(linkValidation.java:45)
at test.linkValidation.close(linkValidation.java:45)
at test.linkValidation.close(linkValidation.java:45)
at test.linkValidation.close(linkValidation.java:45)
at test.linkValidation.close(linkValidation.java:45)
at test.linkValidation.close(linkValidation.java:45)
at test.linkValidation.close(linkValidation.java:45)
at test.linkValidation.close(linkValidation.java:45)
at test.linkValidation.close(linkValidation.java:45)
at test.linkValidation.close(linkValidation.java:45)
at test.linkValidation.close(linkValidation.java:45)
at test.linkValidation.close(linkValidation.java:45)
at test.linkValidation.close(linkValidation.java:45)
at test.linkValidation.close(linkValidation.java:45)
at test.linkValidation.close(linkValidation.java:45)
at test.linkValidation.close(linkValidation.java:45)
at test.linkValidation.close(linkValidation.java:45)
at test.linkValidation.close(linkValidation.java:45)
at test.linkValidation.close(linkValidation.java:45)
at test.linkValidation.close(linkValidation.java:45)
at test.linkValidation.close(linkValidation.java:45)
at test.linkValidation.close(linkValidation.java:45)
at test.linkValidation.close(linkValidation.java:45)
at test.linkValidation.close(linkValidation.java:45)
at test.linkValidation.close(linkValidation.java:45)
at test.linkValidation.close(linkValidation.java:45)
at test.linkValidation.close(linkValidation.java:45)
at test.linkValidation.close(linkValidation.java:45)
at test.linkValidation.close(linkValidation.java:45)
at test.linkValidation.close(linkValidation.java:45)
at test.linkValidation.close(linkValidation.java:45)
at test.linkValidation.close(linkValidation.java:45)
at test.linkValidation.close(linkValidation.java:45)
at test.linkValidation.close(linkValidation.java:45)
at test.linkValidation.close(linkValidation.java:45)
at test.linkValidation.close(linkValidation.java:45)
at test.linkValidation.close(linkValidation.java:45)
at test.linkValidation.close(linkValidation.java:45)
at test.linkValidation.close(linkValidation.java:45)
at test.linkValidation.close(linkValidation.java:45)
at test.linkValidation.close(linkValidation.java:45)
at test.linkValidation.close(linkValidation.java:45)
at test.linkValidation.close(linkValidation.java:45)
at test.linkValidation.close(linkValidation.java:45)
at test.linkValidation.close(linkValidation.java:45)
at test.linkValidation.close(linkValidation.java:45)
at test.linkValidation.close(linkValidation.java:45)
at test.linkValidation.close(linkValidation.java:45)
at test.linkValidation.close(linkValidation.java:45)
at test.linkValidation.close(linkValidation.java:45)
at test.linkValidation.close(linkValidation.java:45)
at test.linkValidation.close(linkValidation.java:45)
at test.linkValidation.close(linkValidation.java:45)
at test.linkValidation.close(linkValidation.java:45)
at test.linkValidation.close(linkValidation.java:45)
at test.linkValidation.close(linkValidation.java:45)
at test.linkValidation.close(linkValidation.java:45)
at test.linkValidation.close(linkValidation.java:45)
at test.linkValidation.close(linkValidation.java:45)
at test.linkValidation.close(linkValidation.java:45)
at test.linkValidation.close(linkValidation.java:45)
at test.linkValidation.close(linkValidation.java:45)
at test.linkValidation.close(linkValidation.java:45)
at test.linkValidation.close(linkValidation.java:45)
at test.linkValidation.close(linkValidation.java:45)
at test.linkValidation.close(linkValidation.java:45)
at test.linkValidation.close(linkValidation.java:45)
at test.linkValidation.close(linkValidation.java:45)
at test.linkValidation.close(linkValidation.java:45)
at test.linkValidation.close(linkValidation.java:45)
at test.linkValidation.close(linkValidation.java:45)
at test.linkValidation.close(linkValidation.java:45)
at test.linkValidation.close(linkValidation.java:45)
at test.linkValidation.close(linkValidation.java:45)
at test.linkValidation.close(linkValidation.java:45)
at test.linkValidation.close(linkValidation.java:45)
at test.linkValidation.close(linkValidation.java:45)
at test.linkValidation.close(linkValidation.java:45)
at test.linkValidation.close(linkValidation.java:45)
at test.linkValidation.close(linkValidation.java:45)
at test.linkValidation.close(linkValidation.java:45)
at test.linkValidation.close(linkValidation.java:45)
at test.linkValidation.close(linkValidation.java:45)
at test.linkValidation.close(linkValidation.java:45)
at test.linkValidation.close(linkValidation.java:45)
at test.linkValidation.close(linkValidation.java:45)
at test.linkValidation.close(linkValidation.java:45)
at test.linkValidation.close(linkValidation.java:45)
at test.linkValidation.close(linkValidation.java:45)
at test.linkValidation.close(linkValidation.java:45)
at test.linkValidation.close(linkValidation.java:45)
at test.linkValidation.close(linkValidation.java:45)
at test.linkValidation.close(linkValidation.java:45)
at test.linkValidation.close(linkValidation.java:45)
at test.linkValidation.close(linkValidation.java:45)
at test.linkValidation.close(linkValidation.java:45)
at test.linkValidation.close(linkValidation.java:45)
at test.linkValidation.close(linkValidation.java:45)
at test.linkValidation.close(linkValidation.java:45)
at test.linkValidation.close(linkValidation.java:45)
at test.linkValidation.close(linkValidation.java:45)
at test.linkValidation.close(linkValidation.java:45)
at test.linkValidation.close(linkValidation.java:45)
at test.linkValidation.close(linkValidation.java:45)
at test.linkValidation.close(linkValidation.java:45)
at test.linkValidation.close(linkValidation.java:45)
at test.linkValidation.close(linkValidation.java:45)
at test.linkValidation.close(linkValidation.java:45)
at test.linkValidation.close(linkValidation.java:45)
at test.linkValidation.close(linkValidation.java:45)
at test.linkValidation.close(linkValidation.java:45)
at test.linkValidation.close(linkValidation.java:45)
at test.linkValidation.close(linkValidation.java:45)
at test.linkValidation.close(linkValidation.java:45)
at test.linkValidation.close(linkValidation.java:45)
at test.linkValidation.close(linkValidation.java:45)
at test.linkValidation.close(linkValidation.java:45)
at test.linkValidation.close(linkValidation.java:45)
at test.linkValidation.close(linkValidation.java:45)
at test.linkValidation.close(linkValidation.java:45)
at test.linkValidation.close(linkValidation.java:45)
at test.linkValidation.close(linkValidation.java:45)
at test.linkValidation.close(linkValidation.java:45)
at test.linkValidation.close(linkValidation.java:45)
at test.linkValidation.close(linkValidation.java:45)
at test.linkValidation.close(linkValidation.java:45)
at test.linkValidation.close(linkValidation.java:45)
at test.linkValidation.close(linkValidation.java:45)
at test.linkValidation.close(linkValidation.java:45)
at test.linkValidation.close(linkValidation.java:45)
at test.linkValidation.close(linkValidation.java:45)
at test.linkValidation.close(linkValidation.java:45)
at test.linkValidation.close(linkValidation.java:45)
at test.linkValidation.close(linkValidation.java:45)
at test.linkValidation.close(linkValidation.java:45)
at test.linkValidation.close(linkValidation.java:45)
at test.linkValidation.close(linkValidation.java:45)
at test.linkValidation.close(linkValidation.java:45)
at test.linkValidation.close(linkValidation.java:45)
at test.linkValidation.close(linkValidation.java:45)
at test.linkValidation.close(linkValidation.java:45)
at test.linkValidation.close(linkValidation.java:45)
at test.linkValidation.close(linkValidation.java:45)
at test.linkValidation.close(linkValidation.java:45)
at test.linkValidation.close(linkValidation.java:45)
at test.linkValidation.close(linkValidation.java:45)
at test.linkValidation.close(linkValidation.java:45)
at test.linkValidation.close(linkValidation.java:45)
at test.linkValidation.close(linkValidation.java:45)
at test.linkValidation.close(linkValidation.java:45)
at test.linkValidation.close(linkValidation.java:45)
at test.linkValidation.close(linkValidation.java:45)
at test.linkValidation.close(linkValidation.java:45)
at test.linkValidation.close(linkValidation.java:45)
at test.linkValidation.close(linkValidation.java:45)
at test.linkValidation.close(linkValidation.java:45)
at test.linkValidation.close(linkValidation.java:45)
at test.linkValidation.close(linkValidation.java:45)
at test.linkValidation.close(linkValidation.java:45)
at test.linkValidation.close(linkValidation.java:45)
at test.linkValidation.close(linkValidation.java:45)
at test.linkValidation.close(linkValidation.java:45)
at test.linkValidation.close(linkValidation.java:45)
at test.linkValidation.close(linkValidation.java:45)
at test.linkValidation.close(linkValidation.java:45)
at test.linkValidation.close(linkValidation.java:45)
at test.linkValidation.close(linkValidation.java:45)
at test.linkValidation.close(linkValidation.java:45)
at test.linkValidation.close(linkValidation.java:45)
at test.linkValidation.close(linkValidation.java:45)
at test.linkValidation.close(linkValidation.java:45)
at test.linkValidation.close(linkValidation.java:45)
at test.linkValidation.close(linkValidation.java:45)
at test.linkValidation.close(linkValidation.java:45)
at test.linkValidation.close(linkValidation.java:45)
at test.linkValidation.close(linkValidation.java:45)
at test.linkValidation.close(linkValidation.java:45)
at test.linkValidation.close(linkValidation.java:45)
at test.linkValidation.close(linkValidation.java:45)
at test.linkValidation.close(linkValidation.java:45)
at test.linkValidation.close(linkValidation.java:45)
at test.linkValidation.close(linkValidation.java:45)
at test.linkValidation.close(linkValidation.java:45)
at test.linkValidation.close(linkValidation.java:45)
at test.linkValidation.close(linkValidation.java:45)
at test.linkValidation.close(linkValidation.java:45)
at test.linkValidation.close(linkValidation.java:45)
at test.linkValidation.close(linkValidation.java:45)
at test.linkValidation.close(linkValidation.java:45)
at test.linkValidation.close(linkValidation.java:45)
at test.linkValidation.close(linkValidation.java:45)
at test.linkValidation.close(linkValidation.java:45)
at test.linkValidation.close(linkValidation.java:45)
at test.linkValidation.close(linkValidation.java:45)
at test.linkValidation.close(linkValidation.java:45)
at test.linkValidation.close(linkValidation.java:45)
at test.linkValidation.close(linkValidation.java:45)
at test.linkValidation.close(linkValidation.java:45)
at test.linkValidation.close(linkValidation.java:45)
at test.linkValidation.close(linkValidation.java:45)
at test.linkValidation.close(linkValidation.java:45)
at test.linkValidation.close(linkValidation.java:45)
at test.linkValidation.close(linkValidation.java:45)
at test.linkValidation.close(linkValidation.java:45)
at test.linkValidation.close(linkValidation.java:45)
at test.linkValidation.close(linkValidation.java:45)
at test.linkValidation.close(linkValidation.java:45)
at test.linkValidation.close(linkValidation.java:45)
at test.linkValidation.close(linkValidation.java:45)
at test.linkValidation.close(linkValidation.java:45)
at test.linkValidation.close(linkValidation.java:45)
at test.linkValidation.close(linkValidation.java:45)
at test.linkValidation.close(linkValidation.java:45)
at test.linkValidation.close(linkValidation.java:45)
at test.linkValidation.close(linkValidation.java:45)
at test.linkValidation.close(linkValidation.java:45)
at test.linkValidation.close(linkValidation.java:45)
at test.linkValidation.close(linkValidation.java:45)
at test.linkValidation.close(linkValidation.java:45)
at test.linkValidation.close(linkValidation.java:45)
at test.linkValidation.close(linkValidation.java:45)
at test.linkValidation.close(linkValidation.java:45)
at test.linkValidation.close(linkValidation.java:45)
at test.linkValidation.close(linkValidation.java:45)
at test.linkValidation.close(linkValidation.java:45)
at test.linkValidation.close(linkValidation.java:45)
at test.linkValidation.close(linkValidation.java:45)
at test.linkValidation.close(linkValidation.java:45)
at test.linkValidation.close(linkValidation.java:45)
at test.linkValidation.close(linkValidation.java:45)
at test.linkValidation.close(linkValidation.java:45)
at test.linkValidation.close(linkValidation.java:45)
at test.linkValidation.close(linkValidation.java:45)
at test.linkValidation.close(linkValidation.java:45)
at test.linkValidation.close(linkValidation.java:45)
at test.linkValidation.close(linkValidation.java:45)
at test.linkValidation.close(linkValidation.java:45)
at test.linkValidation.close(linkValidation.java:45)
at test.linkValidation.close(linkValidation.java:45)
at test.linkValidation.close(linkValidation.java:45)
at test.linkValidation.close(linkValidation.java:45)
at test.linkValidation.close(linkValidation.java:45)
at test.linkValidation.close(linkValidation.java:45)
at test.linkValidation.close(linkValidation.java:45)
at test.linkValidation.close(linkValidation.java:45)
at test.linkValidation.close(linkValidation.java:45)
at test.linkValidation.close(linkValidation.java:45)
at test.linkValidation.close(linkValidation.java:45)
at test.linkValidation.close(linkValidation.java:45)
at test.linkValidation.close(linkValidation.java:45)
at test.linkValidation.close(linkValidation.java:45)
at test.linkValidation.close(linkValidation.java:45)
at test.linkValidation.close(linkValidation.java:45)
at test.linkValidation.close(linkValidation.java:45)
at test.linkValidation.close(linkValidation.java:45)
at test.linkValidation.close(linkValidation.java:45)
at test.linkValidation.close(linkValidation.java:45)
at test.linkValidation.close(linkValidation.java:45)
at test.linkValidation.close(linkValidation.java:45)
at test.linkValidation.close(linkValidation.java:45)
at test.linkValidation.close(linkValidation.java:45)
at test.linkValidation.close(linkValidation.java:45)
at test.linkValidation.close(linkValidation.java:45)
at test.linkValidation.close(linkValidation.java:45)
at test.linkValidation.close(linkValidation.java:45)
at test.linkValidation.close(linkValidation.java:45)
at test.linkValidation.close(linkValidation.java:45)
at test.linkValidation.close(linkValidation.java:45)
at test.linkValidation.close(linkValidation.java:45)
at test.linkValidation.close(linkValidation.java:45)
at test.linkValidation.close(linkValidation.java:45)
at test.linkValidation.close(linkValidation.java:45)
at test.linkValidation.close(linkValidation.java:45)
at test.linkValidation.close(linkValidation.java:45)
at test.linkValidation.close(linkValidation.java:45)
at test.linkValidation.close(linkValidation.java:45)
at test.linkValidation.close(linkValidation.java:45)
at test.linkValidation.close(linkValidation.java:45)
at test.linkValidation.close(linkValidation.java:45)
at test.linkValidation.close(linkValidation.java:45)
at test.linkValidation.close(linkValidation.java:45)
at test.linkValidation.close(linkValidation.java:45)
at test.linkValidation.close(linkValidation.java:45)
at test.linkValidation.close(linkValidation.java:45)
at test.linkValidation.close(linkValidation.java:45)
at test.linkValidation.close(linkValidation.java:45)
at test.linkValidation.close(linkValidation.java:45)
at test.linkValidation.close(linkValidation.java:45)
at test.linkValidation.close(linkValidation.java:45)
at test.linkValidation.close(linkValidation.java:45)
at test.linkValidation.close(linkValidation.java:45)
at test.linkValidation.close(linkValidation.java:45)
at test.linkValidation.close(linkValidation.java:45)
at test.linkValidation.close(linkValidation.java:45)
at test.linkValidation.close(linkValidation.java:45)
at test.linkValidation.close(linkValidation.java:45)
at test.linkValidation.close(linkValidation.java:45)
at test.linkValidation.close(linkValidation.java:45)
at test.linkValidation.close(linkValidation.java:45)
at test.linkValidation.close(linkValidation.java:45)
at test.linkValidation.close(linkValidation.java:45)
at test.linkValidation.close(linkValidation.java:45)
at test.linkValidation.close(linkValidation.java:45)
at test.linkValidation.close(linkValidation.java:45)
at test.linkValidation.close(linkValidation.java:45)
at test.linkValidation.close(linkValidation.java:45)
at test.linkValidation.close(linkValidation.java:45)
at test.linkValidation.close(linkValidation.java:45)
at test.linkValidation.close(linkValidation.java:45)
at test.linkValidation.close(linkValidation.java:45)
at test.linkValidation.close(linkValidation.java:45)
at test.linkValidation.close(linkValidation.java:45)
at test.linkValidation.close(linkValidation.java:45)
at test.linkValidation.close(linkValidation.java:45)
at test.linkValidation.close(linkValidation.java:45)
at test.linkValidation.close(linkValidation.java:45)
at test.linkValidation.close(linkValidation.java:45)
at test.linkValidation.close(linkValidation.java:45)
at test.linkValidation.close(linkValidation.java:45)
at test.linkValidation.close(linkValidation.java:45)
at test.linkValidation.close(linkValidation.java:45)
at test.linkValidation.close(linkValidation.java:45)
at test.linkValidation.close(linkValidation.java:45)
at test.linkValidation.close(linkValidation.java:45)
at test.linkValidation.close(linkValidation.java:45)
at test.linkValidation.close(linkValidation.java:45)
at test.linkValidation.close(linkValidation.java:45)
at test.linkValidation.close(linkValidation.java:45)
at test.linkValidation.close(linkValidation.java:45)
at test.linkValidation.close(linkValidation.java:45)
at test.linkValidation.close(linkValidation.java:45)
at test.linkValidation.close(linkValidation.java:45)
at test.linkValidation.close(linkValidation.java:45)
at test.linkValidation.close(linkValidation.java:45)
at test.linkValidation.close(linkValidation.java:45)
at test.linkValidation.close(linkValidation.java:45)
at test.linkValidation.close(linkValidation.java:45)
at test.linkValidation.close(linkValidation.java:45)
at test.linkValidation.close(linkValidation.java:45)
at test.linkValidation.close(linkValidation.java:45)
at test.linkValidation.close(linkValidation.java:45)
at test.linkValidation.close(linkValidation.java:45)
at test.linkValidation.close(linkValidation.java:45)
at test.linkValidation.close(linkValidation.java:45)
at test.linkValidation.close(linkValidation.java:45)
at test.linkValidation.close(linkValidation.java:45)
at test.linkValidation.close(linkValidation.java:45)
at test.linkValidation.close(linkValidation.java:45)
at test.linkValidation.close(linkValidation.java:45)
at test.linkValidation.close(linkValidation.java:45)
at test.linkValidation.close(linkValidation.java:45)
at test.linkValidation.close(linkValidation.java:45)
at test.linkValidation.close(linkValidation.java:45)
at test.linkValidation.close(linkValidation.java:45)
at test.linkValidation.close(linkValidation.java:45)
at test.linkValidation.close(linkValidation.java:45)
at test.linkValidation.close(linkValidation.java:45)
at test.linkValidation.close(linkValidation.java:45)
at test.linkValidation.close(linkValidation.java:45)
at test.linkValidation.close(linkValidation.java:45)
at test.linkValidation.close(linkValidation.java:45)
at test.linkValidation.close(linkValidation.java:45)
at test.linkValidation.close(linkValidation.java:45)
at test.linkValidation.close(linkValidation.java:45)
at test.linkValidation.close(linkValidation.java:45)
at test.linkValidation.close(linkValidation.java:45)
at test.linkValidation.close(linkValidation.java:45)
at test.linkValidation.close(linkValidation.java:45)
at test.linkValidation.close(linkValidation.java:45)
at test.linkValidation.close(linkValidation.java:45)
at test.linkValidation.close(linkValidation.java:45)
at test.linkValidation.close(linkValidation.java:45)
at test.linkValidation.close(linkValidation.java:45)
at test.linkValidation.close(linkValidation.java:45)
at test.linkValidation.close(linkValidation.java:45)
at test.linkValidation.close(linkValidation.java:45)
at test.linkValidation.close(linkValidation.java:45)
at test.linkValidation.close(linkValidation.java:45)
at test.linkValidation.close(linkValidation.java:45)
at test.linkValidation.close(linkValidation.java:45)
at test.linkValidation.close(linkValidation.java:45)
at test.linkValidation.close(linkValidation.java:45)
at test.linkValidation.close(linkValidation.java:45)
at test.linkValidation.close(linkValidation.java:45)
at test.linkValidation.close(linkValidation.java:45)
at test.linkValidation.close(linkValidation.java:45)
at test.linkValidation.close(linkValidation.java:45)
at test.linkValidation.close(linkValidation.java:45)
at test.linkValidation.close(linkValidation.java:45)
at test.linkValidation.close(linkValidation.java:45)
at test.linkValidation.close(linkValidation.java:45)
at test.linkValidation.close(linkValidation.java:45)
at test.linkValidation.close(linkValidation.java:45)
at test.linkValidation.close(linkValidation.java:45)
at test.linkValidation.close(linkValidation.java:45)
at test.linkValidation.close(linkValidation.java:45)
at test.linkValidation.close(linkValidation.java:45)
at test.linkValidation.close(linkValidation.java:45)
at test.linkValidation.close(linkValidation.java:45)
at test.linkValidation.close(linkValidation.java:45)
at test.linkValidation.close(linkValidation.java:45)
at test.linkValidation.close(linkValidation.java:45)
at test.linkValidation.close(linkValidation.java:45)
at test.linkValidation.close(linkValidation.java:45)
at test.linkValidation.close(linkValidation.java:45)
at test.linkValidation.close(linkValidation.java:45)
at test.linkValidation.close(linkValidation.java:45)
at test.linkValidation.close(linkValidation.java:45)
at test.linkValidation.close(linkValidation.java:45)
at test.linkValidation.close(linkValidation.java:45)
at test.linkValidation.close(linkValidation.java:45)
at test.linkValidation.close(linkValidation.java:45)
at test.linkValidation.close(linkValidation.java:45)
at test.linkValidation.close(linkValidation.java:45)
at test.linkValidation.close(linkValidation.java:45)
at test.linkValidation.close(linkValidation.java:45)
at test.linkValidation.close(linkValidation.java:45)
at test.linkValidation.close(linkValidation.java:45)
at test.linkValidation.close(linkValidation.java:45)
at test.linkValidation.close(linkValidation.java:45)
at test.linkValidation.close(linkValidation.java:45)
at test.linkValidation.close(linkValidation.java:45)
at test.linkValidation.close(linkValidation.java:45)
at test.linkValidation.close(linkValidation.java:45)
at test.linkValidation.close(linkValidation.java:45)
at test.linkValidation.close(linkValidation.java:45)
at test.linkValidation.close(linkValidation.java:45)
at test.linkValidation.close(linkValidation.java:45)
at test.linkValidation.close(linkValidation.java:45)
at test.linkValidation.close(linkValidation.java:45)
at test.linkValidation.close(linkValidation.java:45)
at test.linkValidation.close(linkValidation.java:45)
at test.linkValidation.close(linkValidation.java:45)
at test.linkValidation.close(linkValidation.java:45)
at test.linkValidation.close(linkValidation.java:45)
at test.linkValidation.close(linkValidation.java:45)
at test.linkValidation.close(linkValidation.java:45)
at test.linkValidation.close(linkValidation.java:45)
at test.linkValidation.close(linkValidation.java:45)
at test.linkValidation.close(linkValidation.java:45)
at test.linkValidation.close(linkValidation.java:45)
at test.linkValidation.close(linkValidation.java:45)
at test.linkValidation.close(linkValidation.java:45)
at test.linkValidation.close(linkValidation.java:45)
at test.linkValidation.close(linkValidation.java:45)
at test.linkValidation.close(linkValidation.java:45)
at test.linkValidation.close(linkValidation.java:45)
at test.linkValidation.close(linkValidation.java:45)
at test.linkValidation.close(linkValidation.java:45)
at test.linkValidation.close(linkValidation.java:45)
at test.linkValidation.close(linkValidation.java:45)
at test.linkValidation.close(linkValidation.java:45)
at test.linkValidation.close(linkValidation.java:45)
at test.linkValidation.close(linkValidation.java:45)
at test.linkValidation.close(linkValidation.java:45)
at test.linkValidation.close(linkValidation.java:45)
at test.linkValidation.close(linkValidation.java:45)
at test.linkValidation.close(linkValidation.java:45)
at test.linkValidation.close(linkValidation.java:45)
at test.linkValidation.close(linkValidation.java:45)
at test.linkValidation.close(linkValidation.java:45)
at test.linkValidation.close(linkValidation.java:45)
at test.linkValidation.close(linkValidation.java:45)
at test.linkValidation.close(linkValidation.java:45)
at test.linkValidation.close(linkValidation.java:45)
at test.linkValidation.close(linkValidation.java:45)
at test.linkValidation.close(linkValidation.java:45)
at test.linkValidation.close(linkValidation.java:45)
at test.linkValidation.close(linkValidation.java:45)
at test.linkValidation.close(linkValidation.java:45)
at test.linkValidation.close(linkValidation.java:45)
at test.linkValidation.close(linkValidation.java:45)
at test.linkValidation.close(linkValidation.java:45)
at test.linkValidation.close(linkValidation.java:45)
at test.linkValidation.close(linkValidation.java:45)
at test.linkValidation.close(linkValidation.java:45)
at test.linkValidation.close(linkValidation.java:45)
at test.linkValidation.close(linkValidation.java:45)
at test.linkValidation.close(linkValidation.java:45)
at test.linkValidation.close(linkValidation.java:45)
at test.linkValidation.close(linkValidation.java:45)
at test.linkValidation.close(linkValidation.java:45)
at test.linkValidation.close(linkValidation.java:45)
at test.linkValidation.close(linkValidation.java:45)
at test.linkValidation.close(linkValidation.java:45)
at test.linkValidation.close(linkValidation.java:45)
at test.linkValidation.close(linkValidation.java:45)
at test.linkValidation.close(linkValidation.java:45)
at test.linkValidation.close(linkValidation.java:45)
at test.linkValidation.close(linkValidation.java:45)
at test.linkValidation.close(linkValidation.java:45)
at test.linkValidation.close(linkValidation.java:45)
at test.linkValidation.close(linkValidation.java:45)
at test.linkValidation.close(linkValidation.java:45)
at test.linkValidation.close(linkValidation.java:45)
at test.linkValidation.close(linkValidation.java:45)
at test.linkValidation.close(linkValidation.java:45)
at test.linkValidation.close(linkValidation.java:45)
at test.linkValidation.close(linkValidation.java:45)
at test.linkValidation.close(linkValidation.java:45)
at test.linkValidation.close(linkValidation.java:45)
at test.linkValidation.close(linkValidation.java:45)
at test.linkValidation.close(linkValidation.java:45)
at test.linkValidation.close(linkValidation.java:45)
at test.linkValidation.close(linkValidation.java:45)
at test.linkValidation.close(linkValidation.java:45)
at test.linkValidation.close(linkValidation.java:45)
at test.linkValidation.close(linkValidation.java:45)
at test.linkValidation.close(linkValidation.java:45)
at test.linkValidation.close(linkValidation.java:45)
at test.linkValidation.close(linkValidation.java:45)
at test.linkValidation.close(linkValidation.java:45)
at test.linkValidation.close(linkValidation.java:45)
at test.linkValidation.close(linkValidation.java:45)
at test.linkValidation.close(linkValidation.java:45)
at test.linkValidation.close(linkValidation.java:45)
at test.linkValidation.close(linkValidation.java:45)
at test.linkValidation.close(linkValidation.java:45)
at test.linkValidation.close(linkValidation.java:45)
at test.linkValidation.close(linkValidation.java:45)
at test.linkValidation.close(linkValidation.java:45)
at test.linkValidation.close(linkValidation.java:45)
at test.linkValidation.close(linkValidation.java:45)
at test.linkValidation.close(linkValidation.java:45)
at test.linkValidation.close(linkValidation.java:45)
at test.linkValidation.close(linkValidation.java:45)
at test.linkValidation.close(linkValidation.java:45)
at test.linkValidation.close(linkValidation.java:45)
at test.linkValidation.close(linkValidation.java:45)
at test.linkValidation.close(linkValidation.java:45)
at test.linkValidation.close(linkValidation.java:45)
at test.linkValidation.close(linkValidation.java:45)
at test.linkValidation.close(linkValidation.java:45)
at test.linkValidation.close(linkValidation.java:45)
at test.linkValidation.close(linkValidation.java:45)
at test.linkValidation.close(linkValidation.java:45)
at test.linkValidation.close(linkValidation.java:45)
at test.linkValidation.close(linkValidation.java:45)
at test.linkValidation.close(linkValidation.java:45)
at test.linkValidation.close(linkValidation.java:45)
at test.linkValidation.close(linkValidation.java:45)
at test.linkValidation.close(linkValidation.java:45)
at test.linkValidation.close(linkValidation.java:45)
at test.linkValidation.close(linkValidation.java:45)
at test.linkValidation.close(linkValidation.java:45)
at test.linkValidation.close(linkValidation.java:45)
at test.linkValidation.close(linkValidation.java:45)
at test.linkValidation.close(linkValidation.java:45)
at test.linkValidation.close(linkValidation.java:45)
at test.linkValidation.close(linkValidation.java:45)
at test.linkValidation.close(linkValidation.java:45)
at test.linkValidation.close(linkValidation.java:45)
at test.linkValidation.close(linkValidation.java:45)
at test.linkValidation.close(linkValidation.java:45)
at test.linkValidation.close(linkValidation.java:45)
at test.linkValidation.close(linkValidation.java:45)
at test.linkValidation.close(linkValidation.java:45)
at test.linkValidation.close(linkValidation.java:45)
at test.linkValidation.close(linkValidation.java:45)
at test.linkValidation.close(linkValidation.java:45)
at test.linkValidation.close(linkValidation.java:45)
at test.linkValidation.close(linkValidation.java:45)
at test.linkValidation.close(linkValidation.java:45)
at test.linkValidation.close(linkValidation.java:45)
at test.linkValidation.close(linkValidation.java:45)
at test.linkValidation.close(linkValidation.java:45)
at test.linkValidation.close(linkValidation.java:45)
at test.linkValidation.close(linkValidation.java:45)
at test.linkValidation.close(linkValidation.java:45)
at test.linkValidation.close(linkValidation.java:45)
at test.linkValidation.close(linkValidation.java:45)
at test.linkValidation.close(linkValidation.java:45)
at test.linkValidation.close(linkValidation.java:45)
at test.linkValidation.close(linkValidation.java:45)
at test.linkValidation.close(linkValidation.java:45)
at test.linkValidation.close(linkValidation.java:45)
at test.linkValidation.close(linkValidation.java:45)
at test.linkValidation.close(linkValidation.java:45)
at test.linkValidation.close(linkValidation.java:45)
at test.linkValidation.close(linkValidation.java:45)
at test.linkValidation.close(linkValidation.java:45)
at test.linkValidation.close(linkValidation.java:45)
at test.linkValidation.close(linkValidation.java:45)
at test.linkValidation.close(linkValidation.java:45)
at test.linkValidation.close(linkValidation.java:45)
at test.linkValidation.close(linkValidation.java:45)
at test.linkValidation.close(linkValidation.java:45)
at test.linkValidation.close(linkValidation.java:45)
at test.linkValidation.close(linkValidation.java:45)
at test.linkValidation.close(linkValidation.java:45)
at test.linkValidation.close(linkValidation.java:45)
at test.linkValidation.close(linkValidation.java:45)
at test.linkValidation.close(linkValidation.java:45)
at test.linkValidation.close(linkValidation.java:45)
at test.linkValidation.close(linkValidation.java:45)
at test.linkValidation.close(linkValidation.java:45)
at test.linkValidation.close(linkValidation.java:45)
at test.linkValidation.close(linkValidation.java:45)
at test.linkValidation.close(linkValidation.java:45)
at test.linkValidation.close(linkValidation.java:45)
at test.linkValidation.close(linkValidation.java:45)
at test.linkValidation.close(linkValidation.java:45)
at test.linkValidation.close(linkValidation.java:45)
at test.linkValidation.close(linkValidation.java:45)
at test.linkValidation.close(linkValidation.java:45)
at test.linkValidation.close(linkValidation.java:45)
at test.linkValidation.close(linkValidation.java:45)
at test.linkValidation.close(linkValidation.java:45)
at test.linkValidation.close(linkValidation.java:45)
at test.linkValidation.close(linkValidation.java:45)
at test.linkValidation.close(linkValidation.java:45)
at test.linkValidation.close(linkValidation.java:45)
at test.linkValidation.close(linkValidation.java:45)
at test.linkValidation.close(linkValidation.java:45)
at test.linkValidation.close(linkValidation.java:45)
at test.linkValidation.close(linkValidation.java:45)
at test.linkValidation.close(linkValidation.java:45)
at test.linkValidation.close(linkValidation.java:45)
at test.linkValidation.close(linkValidation.java:45)
at test.linkValidation.close(linkValidation.java:45)
at test.linkValidation.close(linkValidation.java:45)
at test.linkValidation.close(linkValidation.java:45)
at test.linkValidation.close(linkValidation.java:45)
at test.linkValidation.close(linkValidation.java:45)
at test.linkValidation.close(linkValidation.java:45)
at test.linkValidation.close(linkValidation.java:45)
at test.linkValidation.close(linkValidation.java:45)
at test.linkValidation.close(linkValidation.java:45)
at test.linkValidation.close(linkValidation.java:45)
at test.linkValidation.close(linkValidation.java:45)
at test.linkValidation.close(linkValidation.java:45)
at test.linkValidation.close(linkValidation.java:45)
at test.linkValidation.close(linkValidation.java:45)
at test.linkValidation.close(linkValidation.java:45)
at test.linkValidation.close(linkValidation.java:45)
at test.linkValidation.close(linkValidation.java:45)
at test.linkValidation.close(linkValidation.java:45)
at test.linkValidation.close(linkValidation.java:45)
at test.linkValidation.close(linkValidation.java:45)
at test.linkValidation.close(linkValidation.java:45)
at test.linkValidation.close(linkValidation.java:45)
at test.linkValidation.close(linkValidation.java:45)
at test.linkValidation.close(linkValidation.java:45)
at test.linkValidation.close(linkValidation.java:45)
at test.linkValidation.close(linkValidation.java:45)
at test.linkValidation.close(linkValidation.java:45)
at test.linkValidation.close(linkValidation.java:45)
at test.linkValidation.close(linkValidation.java:45)
at test.linkValidation.close(linkValidation.java:45)
at test.linkValidation.close(linkValidation.java:45)
at test.linkValidation.close(linkValidation.java:45)
at test.linkValidation.close(linkValidation.java:45)
at test.linkValidation.close(linkValidation.java:45)
at test.linkValidation.close(linkValidation.java:45)
at test.linkValidation.close(linkValidation.java:45)
at test.linkValidation.close(linkValidation.java:45)
at test.linkValidation.close(linkValidation.java:45)
at test.linkValidation.close(linkValidation.java:45)
at test.linkValidation.close(linkValidation.java:45)
at test.linkValidation.close(linkValidation.java:45)
at test.linkValidation.close(linkValidation.java:45)
at test.linkValidation.close(linkValidation.java:45)
at test.linkValidation.close(linkValidation.java:45)
at test.linkValidation.close(linkValidation.java:45)
at test.linkValidation.close(linkValidation.java:45)
at test.linkValidation.close(linkValidation.java:45)
at test.linkValidation.close(linkValidation.java:45)
at test.linkValidation.close(linkValidation.java:45)
at test.linkValidation.close(linkValidation.java:45)
at test.linkValidation.close(linkValidation.java:45)
at test.linkValidation.close(linkValidation.java:45)
at test.linkValidation.close(linkValidation.java:45)
at test.linkValidation.close(linkValidation.java:45)
at test.linkValidation.close(linkValidation.java:45)
at test.linkValidation.close(linkValidation.java:45)
at test.linkValidation.close(linkValidation.java:45)
at test.linkValidation.close(linkValidation.java:45)
at test.linkValidation.close(linkValidation.java:45)
at test.linkValidation.close(linkValidation.java:45)
at test.linkValidation.close(linkValidation.java:45)
at test.linkValidation.close(linkValidation.java:45)
at test.linkValidation.close(linkValidation.java:45)
at test.linkValidation.close(linkValidation.java:45)
at test.linkValidation.close(linkValidation.java:45)
at test.linkValidation.close(linkValidation.java:45)
at test.linkValidation.close(linkValidation.java:45)
at test.linkValidation.close(linkValidation.java:45)
at test.linkValidation.close(linkValidation.java:45)
at test.linkValidation.close(linkValidation.java:45)
at test.linkValidation.close(linkValidation.java:45)
at test.linkValidation.close(linkValidation.java:45)
at test.linkValidation.close(linkValidation.java:45)
at test.linkValidation.close(linkValidation.java:45)
at test.linkValidation.close(linkValidation.java:45)
at test.linkValidation.close(linkValidation.java:45)
at test.linkValidation.close(linkValidation.java:45)
at test.linkValidation.close(linkValidation.java:45)
at test.linkValidation.close(linkValidation.java:45)
at test.linkValidation.close(linkValidation.java:45)
at test.linkValidation.close(linkValidation.java:45)
at test.linkValidation.close(linkValidation.java:45)
at test.linkValidation.close(linkValidation.java:45)
at test.linkValidation.close(linkValidation.java:45)
at test.linkValidation.close(linkValidation.java:45)
at test.linkValidation.close(linkValidation.java:45)
at test.linkValidation.close(linkValidation.java:45)
at test.linkValidation.close(linkValidation.java:45)
at test.linkValidation.close(linkValidation.java:45)
at test.linkValidation.close(linkValidation.java:45)
at test.linkValidation.close(linkValidation.java:45)
at test.linkValidation.close(linkValidation.java:45)
at test.linkValidation.close(linkValidation.java:45)
at test.linkValidation.close(linkValidation.java:45)
at test.linkValidation.close(linkValidation.java:45)
at test.linkValidation.close(linkValidation.java:45)
at test.linkValidation.close(linkValidation.java:45)
at test.linkValidation.close(linkValidation.java:45)
at test.linkValidation.close(linkValidation.java:45)
at test.linkValidation.close(linkValidation.java:45)
at test.linkValidation.close(linkValidation.java:45)
at test.linkValidation.close(linkValidation.java:45)
at test.linkValidation.close(linkValidation.java:45)
at test.linkValidation.close(linkValidation.java:45)
at test.linkValidation.close(linkValidation.java:45)
at test.linkValidation.close(linkValidation.java:45)
at test.linkValidation.close(linkValidation.java:45)
at test.linkValidation.close(linkValidation.java:45)
at test.linkValidation.close(linkValidation.java:45)
at test.linkValidation.close(linkValidation.java:45)
at test.linkValidation.close(linkValidation.java:45)
at test.linkValidation.close(linkValidation.java:45)
at test.linkValidation.close(linkValidation.java:45)
at test.linkValidation.close(linkValidation.java:45)
at test.linkValidation.close(linkValidation.java:45)
at test.linkValidation.close(linkValidation.java:45)
at test.linkValidation.close(linkValidation.java:45)
at test.linkValidation.close(linkValidation.java:45)
at test.linkValidation.close(linkValidation.java:45)
at test.linkValidation.close(linkValidation.java:45)
at test.linkValidation.close(linkValidation.java:45)
at test.linkValidation.close(linkValidation.java:45)
at test.linkValidation.close(linkValidation.java:45)
at test.linkValidation.close(linkValidation.java:45)
at test.linkValidation.close(linkValidation.java:45)
at test.linkValidation.close(linkValidation.java:45)
at test.linkValidation.close(linkValidation.java:45)
at test.linkValidation.close(linkValidation.java:45)
at test.linkValidation.close(linkValidation.java:45)
at test.linkValidation.close(linkValidation.java:45)
at test.linkValidation.close(linkValidation.java:45)
at test.linkValidation.close(linkValidation.java:45)
at test.linkValidation.close(linkValidation.java:45)
at test.linkValidation.close(linkValidation.java:45)
at test.linkValidation.close(linkValidation.java:45)
at test.linkValidation.close(linkValidation.java:45)
at test.linkValidation.close(linkValidation.java:45)
at test.linkValidation.close(linkValidation.java:45)
at test.linkValidation.close(linkValidation.java:45)
at test.linkValidation.close(linkValidation.java:45)
at test.linkValidation.close(linkValidation.java:45)
at test.linkValidation.close(linkValidation.java:45)
at test.linkValidation.close(linkValidation.java:45)
at test.linkValidation.close(linkValidation.java:45)
]]>
    </error>
  </testcase> <!-- close -->
  <system-out/>
  <testcase classname="test.linkValidation" name="firstColumnLinksInFooter" time="9.832">
    <error message="no such window: target window already closed
from unknown error: web view not found
  (Session info: chrome=109.0.5414.75)
Build info: version: &#039;4.7.2&#039;, revision: &#039;4d4020c3b7&#039;
System info: os.name: &#039;Windows 10&#039;, os.arch: &#039;amd64&#039;, os.version: &#039;10.0&#039;, java.version: &#039;17.0.4.1&#039;
Driver info: org.openqa.selenium.chrome.ChromeDriver
Command: [89637a93ae57fe81b66a1d3acf22d1f1, findChildElements {id=b6ec8b12-8b1e-496b-a04d-68bee2520dc0, using=tag name, value=a}]
Capabilities {acceptInsecureCerts: false, browserName: chrome, browserVersion: 109.0.5414.75, chrome: {chromedriverVersion: 108.0.5359.71 (1e0e3868ee06..., userDataDir: C:\Users\vishal\AppData\Loc...}, goog:chromeOptions: {debuggerAddress: localhost:62697}, networkConnectionEnabled: false, pageLoadStrategy: normal, platformName: WINDOWS, proxy: Proxy(), se:cdp: ws://localhost:62697/devtoo..., se:cdpVersion: 109.0.5414.75, setWindowRect: true, strictFileInteractability: false, timeouts: {implicit: 0, pageLoad: 300000, script: 30000}, unhandledPromptBehavior: dismiss and notify, webauthn:extension:credBlob: true, webauthn:extension:largeBlob: true, webauthn:virtualAuthenticators: true}
Session ID: 89637a93ae57fe81b66a1d3acf22d1f1" type="org.openqa.selenium.NoSuchWindowException">
      <![CDATA[org.openqa.selenium.NoSuchWindowException: no such window: target window already closed
from unknown error: web view not found
  (Session info: chrome=109.0.5414.75)
Build info: version: '4.7.2', revision: '4d4020c3b7'
System info: os.name: 'Windows 10', os.arch: 'amd64', os.version: '10.0', java.version: '17.0.4.1'
Driver info: org.openqa.selenium.chrome.ChromeDriver
Command: [89637a93ae57fe81b66a1d3acf22d1f1, findChildElements {id=b6ec8b12-8b1e-496b-a04d-68bee2520dc0, using=tag name, value=a}]
Capabilities {acceptInsecureCerts: false, browserName: chrome, browserVersion: 109.0.5414.75, chrome: {chromedriverVersion: 108.0.5359.71 (1e0e3868ee06..., userDataDir: C:\Users\vishal\AppData\Loc...}, goog:chromeOptions: {debuggerAddress: localhost:62697}, networkConnectionEnabled: false, pageLoadStrategy: normal, platformName: WINDOWS, proxy: Proxy(), se:cdp: ws://localhost:62697/devtoo..., se:cdpVersion: 109.0.5414.75, setWindowRect: true, strictFileInteractability: false, timeouts: {implicit: 0, pageLoad: 300000, script: 30000}, unhandledPromptBehavior: dismiss and notify, webauthn:extension:credBlob: true, webauthn:extension:largeBlob: true, webauthn:virtualAuthenticators: true}
Session ID: 89637a93ae57fe81b66a1d3acf22d1f1
at java.base/jdk.internal.reflect.NativeConstructorAccessorImpl.newInstance0(Native Method)
at java.base/jdk.internal.reflect.NativeConstructorAccessorImpl.newInstance(NativeConstructorAccessorImpl.java:77)
at java.base/jdk.internal.reflect.DelegatingConstructorAccessorImpl.newInstance(DelegatingConstructorAccessorImpl.java:45)
at java.base/java.lang.reflect.Constructor.newInstanceWithCaller(Constructor.java:499)
at java.base/java.lang.reflect.Constructor.newInstance(Constructor.java:480)
at org.openqa.selenium.remote.codec.w3c.W3CHttpResponseCodec.createException(W3CHttpResponseCodec.java:200)
at org.openqa.selenium.remote.codec.w3c.W3CHttpResponseCodec.decode(W3CHttpResponseCodec.java:133)
at org.openqa.selenium.remote.codec.w3c.W3CHttpResponseCodec.decode(W3CHttpResponseCodec.java:53)
at org.openqa.selenium.remote.HttpCommandExecutor.execute(HttpCommandExecutor.java:184)
at org.openqa.selenium.remote.service.DriverCommandExecutor.invokeExecute(DriverCommandExecutor.java:167)
at org.openqa.selenium.remote.service.DriverCommandExecutor.execute(DriverCommandExecutor.java:142)
at org.openqa.selenium.remote.RemoteWebDriver.execute(RemoteWebDriver.java:535)
at org.openqa.selenium.remote.ElementLocation$ElementFinder$2.findElements(ElementLocation.java:179)
at org.openqa.selenium.remote.ElementLocation.findElements(ElementLocation.java:102)
at org.openqa.selenium.remote.RemoteWebDriver.findElements(RemoteWebDriver.java:366)
at org.openqa.selenium.remote.RemoteWebElement.findElements(RemoteWebElement.java:219)
at pages.linkPageValidation.footerColumnLink(linkPageValidation.java:48)
at test.linkValidation.firstColumnLinksInFooter(linkValidation.java:40)
at java.base/jdk.internal.reflect.NativeMethodAccessorImpl.invoke0(Native Method)
at java.base/jdk.internal.reflect.NativeMethodAccessorImpl.invoke(NativeMethodAccessorImpl.java:77)
at java.base/jdk.internal.reflect.DelegatingMethodAccessorImpl.invoke(DelegatingMethodAccessorImpl.java:43)
at java.base/java.lang.reflect.Method.invoke(Method.java:568)
at org.testng.internal.MethodInvocationHelper.invokeMethod(MethodInvocationHelper.java:133)
at org.testng.internal.TestInvoker.invokeMethod(TestInvoker.java:598)
at org.testng.internal.TestInvoker.invokeTestMethod(TestInvoker.java:173)
at org.testng.internal.MethodRunner.runInSequence(MethodRunner.java:46)
at org.testng.internal.TestInvoker$MethodInvocationAgent.invoke(TestInvoker.java:824)
at org.testng.internal.TestInvoker.invokeTestMethods(TestInvoker.java:146)
at org.testng.internal.TestMethodWorker.invokeTestMethods(TestMethodWorker.java:146)
at org.testng.internal.TestMethodWorker.run(TestMethodWorker.java:128)
at java.base/java.util.ArrayList.forEach(ArrayList.java:1511)
at org.testng.TestRunner.privateRun(TestRunner.java:794)
at org.testng.TestRunner.run(TestRunner.java:596)
at org.testng.SuiteRunner.runTest(SuiteRunner.java:377)
at org.testng.SuiteRunner.runSequentially(SuiteRunner.java:371)
at org.testng.SuiteRunner.privateRun(SuiteRunner.java:332)
at org.testng.SuiteRunner.run(SuiteRunner.java:276)
at org.testng.SuiteRunnerWorker.runSuite(SuiteRunnerWorker.java:53)
at org.testng.SuiteRunnerWorker.run(SuiteRunnerWorker.java:96)
at org.testng.TestNG.runSuitesSequentially(TestNG.java:1212)
at org.testng.TestNG.runSuitesLocally(TestNG.java:1134)
at org.testng.TestNG.runSuites(TestNG.java:1063)
at org.testng.TestNG.run(TestNG.java:1031)
at org.testng.remote.AbstractRemoteTestNG.run(AbstractRemoteTestNG.java:115)
at org.testng.remote.RemoteTestNG.initAndRun(RemoteTestNG.java:251)
at org.testng.remote.RemoteTestNG.main(RemoteTestNG.java:77)
]]>
    </error>
  </testcase> <!-- firstColumnLinksInFooter -->
  <system-out/>
</testsuite> <!-- test.linkValidation -->
