<?xml version="1.0" encoding="UTF-8"?>
<!-- Generated by org.testng.reporters.JUnitReportReporter -->
<testsuite hostname="ZPPS-VIDHATE-WASTI" failures="0" tests="2" name="test.searchBus$sortbyFare" time="40.804" errors="0" timestamp="2023-01-23T22:56:42 IST" skipped="0">
  <testcase classname="test.searchBus$sortbyFare" name="fromCity" time="20.796"/>
  <system-out/>
  <testcase classname="test.searchBus$sortbyFare" name="quitBrowser" time="20.008"/>
  <system-out/>
</testsuite> <!-- test.searchBus$sortbyFare -->
