<?xml version="1.0" encoding="UTF-8"?>
<!-- Generated by org.testng.reporters.JUnitReportReporter -->
<testsuite hostname="ZPPS-VIDHATE-WASTI" failures="0" tests="1" name="test.searchBus$sortbyFare" time="47.068" errors="0" timestamp="2023-01-22T20:20:13 IST" skipped="0">
  <testcase classname="test.searchBus$sortbyFare" name="fromCity" time="47.068"/>
  <system-out/>
</testsuite> <!-- test.searchBus$sortbyFare -->
