<?xml version="1.0" encoding="UTF-8"?>
<!-- Generated by org.testng.reporters.JUnitReportReporter -->
<testsuite hostname="ZPPS-VIDHATE-WASTI" failures="0" tests="2" name="test.searchBus" time="47.965" errors="0" timestamp="2023-01-22T19:16:26 IST" skipped="0">
  <testcase classname="test.searchBus" name="fromCity" time="18.597"/>
  <system-out/>
  <testcase classname="test.searchBus" name="availableBus" time="29.368"/>
  <system-out/>
</testsuite> <!-- test.searchBus -->
