<?xml version="1.0" encoding="UTF-8"?>
<!-- Generated by org.testng.reporters.JUnitReportReporter -->
<testsuite hostname="ZPPS-VIDHATE-WASTI" failures="0" tests="2" name="test.sortbyFare" time="60.759" errors="0" timestamp="2023-01-22T21:24:00 IST" skipped="0">
  <testcase classname="test.sortbyFare" name="fromCity" time="54.237"/>
  <system-out/>
  <testcase classname="test.sortbyFare" name="availableBus" time="6.522"/>
  <system-out/>
</testsuite> <!-- test.sortbyFare -->
